<?xml version="1.0" encoding="UTF-8"?>
<testsuite xmlns:xsi="http://www.w3.org/2001/XMLSchema-instance" xsi:noNamespaceSchemaLocation="https://maven.apache.org/surefire/maven-surefire-plugin/xsd/surefire-test-report.xsd" version="3.0.2" name="com.example.spring_boot_app.SpringBootAppApplicationTests" time="1.251" tests="2" errors="0" skipped="0" failures="0">
  <properties>
[...]
</properties>
  <testcase name="testHelloEndpoint" classname="com.example.spring_boot_app.SpringBootAppApplicationTests" time="0.445">
    <system-out><![CDATA[23:20:27.740 [main] INFO org.springframework.test.context.support.AnnotationConfigContextLoaderUtils -- Could not detect default configuration classes for test class [com.example.spring_boot_app.SpringBootAppApplicationTests]: SpringBootAppApplicationTests does not declare any static, non-private, non-final, nested classes annotated with @Configuration.
23:20:27.791 [main] INFO org.springframework.boot.test.context.SpringBootTestContextBootstrapper -- Found @SpringBootConfiguration com.example.spring_boot_app.SpringBootAppApplication for test class com.example.spring_boot_app.SpringBootAppApplicationTests
23:20:27.849 [main] INFO org.springframework.boot.devtools.restart.RestartApplicationListener -- Restart disabled due to context in which it is running

  .   ____          _            __ _ _
 /\\ / ___'_ __ _ _(_)_ __  __ _ \ \ \ \
( ( )\___ | '_ | '_| | '_ \/ _` | \ \ \ \
 \\/  ___)| |_)| | | | | || (_| |  ) ) ) )
  '  |____| .__|_| |_|_| |_\__, | / / / /
 =========|_|==============|___/=/_/_/_/

 :: Spring Boot ::                (v3.4.3)

2025-03-11T23:20:27.971-06:00  INFO 33779 --- [spring-boot-app] [           main] c.e.s.SpringBootAppApplicationTests      : Starting SpringBootAppApplicationTests using Java 21.0.6 with PID 33779 (started by snvpau in /Users/snvpau/Documents/spring-boot-app)
2025-03-11T23:20:27.972-06:00  INFO 33779 --- [spring-boot-app] [           main] c.e.s.SpringBootAppApplicationTests      : No active profile set, falling back to 1 default profile: "default"
2025-03-11T23:20:28.444-06:00  INFO 33779 --- [spring-boot-app] [           main] o.s.b.t.m.w.SpringBootMockServletContext : Initializing Spring TestDispatcherServlet ''
2025-03-11T23:20:28.444-06:00  INFO 33779 --- [spring-boot-app] [           main] o.s.t.web.servlet.TestDispatcherServlet  : Initializing Servlet ''
2025-03-11T23:20:28.445-06:00  INFO 33779 --- [spring-boot-app] [           main] o.s.t.web.servlet.TestDispatcherServlet  : Completed initialization in 0 ms
2025-03-11T23:20:28.457-06:00  INFO 33779 --- [spring-boot-app] [           main] c.e.s.SpringBootAppApplicationTests      : Started SpringBootAppApplicationTests in 0.613 seconds (process running for 0.994)
]]></system-out>
    <system-err><![CDATA[Mockito is currently self-attaching to enable the inline-mock-maker. This will no longer work in future releases of the JDK. Please add Mockito as an agent to your build what is described in Mockito's documentation: https://javadoc.io/doc/org.mockito/mockito-core/latest/org/mockito/Mockito.html#0.3
WARNING: A Java agent has been loaded dynamically (/Users/snvpau/.m2/repository/net/bytebuddy/byte-buddy-agent/1.15.11/byte-buddy-agent-1.15.11.jar)
WARNING: If a serviceability tool is in use, please run with -XX:+EnableDynamicAgentLoading to hide this warning
WARNING: If a serviceability tool is not in use, please run with -Djdk.instrument.traceUsage for more information
WARNING: Dynamic loading of agents will be disallowed by default in a future release
]]></system-err>
  </testcase>
  <testcase name="contextLoads" classname="com.example.spring_boot_app.SpringBootAppApplicationTests" time="0.001"/>
</testsuite>